2022-08-03 15:31:44 INFO  email:88 - :ke-1[Tue Aug 02 15:44:56 WIB 2022-ttupang@dti.co.id-Laporan Harian PT. Bank Central Asia, Tbk.]
2022-08-03 15:31:44 INFO  email:176 - not processed email
2022-08-03 15:31:44 INFO  email:88 - :ke-2[Tue Aug 02 15:44:33 WIB 2022-ttupang@dti.co.id-Penugasan Pengajuan Arsip PT. Bank Central Asia, Tbk.?]
2022-08-03 15:31:44 INFO  email:176 - not processed email
2022-08-03 15:31:44 INFO  email:88 - :ke-3[Tue Aug 02 15:43:45 WIB 2022-ttupang@dti.co.id-Konfirmasi Pengajuan Arsip PT. Bank Central Asia Tbk.?]
2022-08-03 15:31:44 INFO  email:176 - not processed email
2022-08-03 15:31:45 INFO  email:88 - :ke-4[Tue Aug 02 15:25:18 WIB 2022-ttupang@dti.co.id-Laporan Harian PT. Bank Central Asia, Tbk.]
2022-08-03 15:31:45 INFO  email:176 - not processed email
2022-08-03 15:31:45 INFO  email:88 - :ke-5[Tue Aug 02 15:24:55 WIB 2022-ttupang@dti.co.id-Penugasan Pengajuan Arsip PT. Bank Central Asia, Tbk.?]
2022-08-03 15:31:45 INFO  email:176 - not processed email
2022-08-03 15:31:45 INFO  email:88 - :ke-6[Tue Aug 02 15:22:52 WIB 2022-ttupang@dti.co.id-Konfirmasi Pengajuan Arsip PT. Bank Central Asia Tbk.?]
2022-08-03 15:31:45 INFO  email:176 - not processed email
2022-08-03 15:31:45 INFO  email:88 - :ke-7[Tue Aug 02 15:19:50 WIB 2022-ttupang@dti.co.id-Konfirmasi Pengajuan Arsip PT. Bank Central Asia Tbk.?]
2022-08-03 15:31:45 INFO  email:176 - not processed email
2022-08-03 15:31:45 INFO  email:88 - :ke-8[Fri Jul 29 09:51:33 WIB 2022-ttupang@dti.co.id-Laporan Harian PT. Bank Central Asia, Tbk.]
2022-08-03 15:31:45 INFO  email:176 - not processed email
2022-08-03 15:31:45 INFO  email:88 - :ke-9[Fri Jul 29 09:51:10 WIB 2022-ttupang@dti.co.id-Penugasan Pengajuan Arsip PT. Bank Central Asia, Tbk.?]
2022-08-03 15:31:45 INFO  email:176 - not processed email
2022-08-03 15:31:45 INFO  email:88 - :ke-10[Fri Jul 29 09:48:39 WIB 2022-ttupang@dti.co.id-Konfirmasi Pengajuan Arsip PT. Bank Central Asia Tbk.?]
2022-08-03 15:31:45 INFO  email:176 - not processed email
2022-08-03 15:31:45 INFO  email:88 - :ke-11[Fri Jul 22 10:34:47 WIB 2022-ttupang@dti.co.id-Laporan Harian PT. Bank Central Asia, Tbk.]
2022-08-03 15:31:45 INFO  email:176 - not processed email
2022-08-03 15:31:45 INFO  email:88 - :ke-12[Fri Jul 22 10:33:50 WIB 2022-ttupang@dti.co.id-Penugasan Pengajuan Arsip PT. Bank Central Asia, Tbk.?]
2022-08-03 15:31:45 INFO  email:176 - not processed email
2022-08-03 15:31:45 INFO  email:88 - :ke-13[Fri Jul 22 10:33:26 WIB 2022-ttupang@dti.co.id-Konfirmasi Pengajuan Arsip PT. Bank Central Asia Tbk.?]
2022-08-03 15:31:45 INFO  email:176 - not processed email
2022-08-03 15:31:45 INFO  email:88 - :ke-14[Fri Jul 22 10:30:58 WIB 2022-ttupang@dti.co.id-Laporan Harian PT. Bank Central Asia, Tbk.]
2022-08-03 15:31:45 INFO  email:176 - not processed email
2022-08-03 15:31:45 INFO  email:88 - :ke-15[Fri Jul 22 10:29:03 WIB 2022-ttupang@dti.co.id-Penugasan Pengajuan Arsip PT. Bank Central Asia, Tbk.?]
2022-08-03 15:31:45 INFO  email:176 - not processed email
2022-08-03 15:31:45 INFO  email:88 - :ke-16[Fri Jul 22 10:28:39 WIB 2022-ttupang@dti.co.id-Konfirmasi Pengajuan Arsip PT. Bank Central Asia Tbk.?]
2022-08-03 15:31:45 INFO  email:176 - not processed email
2022-08-03 15:31:45 INFO  email:88 - :ke-17[Fri Jul 22 10:20:09 WIB 2022-ttupang@dti.co.id-Laporan Harian PT. Bank Central Asia, Tbk.]
2022-08-03 15:31:45 INFO  email:176 - not processed email
2022-08-03 15:31:46 INFO  email:88 - :ke-18[Fri Jul 22 10:18:41 WIB 2022-ttupang@dti.co.id-Penugasan Pengajuan Arsip PT. Bank Central Asia, Tbk.?]
2022-08-03 15:31:46 INFO  email:176 - not processed email
2022-08-03 15:31:46 INFO  email:88 - :ke-19[Fri Jul 22 10:18:19 WIB 2022-ttupang@dti.co.id-Konfirmasi Pengajuan Arsip PT. Bank Central Asia Tbk.?]
2022-08-03 15:31:46 INFO  email:176 - not processed email
2022-08-03 15:31:46 INFO  email:88 - :ke-20[Fri Jul 22 10:11:09 WIB 2022-ttupang@dti.co.id-Laporan Harian PT. Bank Central Asia, Tbk.]
2022-08-03 15:31:46 INFO  email:176 - not processed email
2022-08-03 15:31:46 INFO  email:88 - :ke-21[Fri Jul 22 10:10:00 WIB 2022-ttupang@dti.co.id-Penugasan Pengajuan Arsip PT. Bank Central Asia, Tbk.?]
2022-08-03 15:31:46 INFO  email:176 - not processed email
2022-08-03 15:31:46 INFO  email:88 - :ke-22[Fri Jul 22 10:09:39 WIB 2022-ttupang@dti.co.id-Konfirmasi Pengajuan Arsip PT. Bank Central Asia Tbk.?]
2022-08-03 15:31:46 INFO  email:176 - not processed email
2022-08-03 15:31:46 INFO  email:88 - :ke-23[Fri Jul 22 10:05:21 WIB 2022-ttupang@dti.co.id-Laporan Harian PT. Bank Central Asia, Tbk.]
2022-08-03 15:31:46 INFO  email:176 - not processed email
2022-08-03 15:31:46 INFO  email:88 - :ke-24[Fri Jul 22 10:02:19 WIB 2022-ttupang@dti.co.id-Penugasan Pengajuan Arsip PT. Bank Central Asia, Tbk.?]
2022-08-03 15:31:46 INFO  email:176 - not processed email
2022-08-03 15:31:46 INFO  email:88 - :ke-25[Fri Jul 22 10:01:46 WIB 2022-ttupang@dti.co.id-Konfirmasi Pengajuan Arsip PT. Bank Central Asia Tbk.?]
2022-08-03 15:31:46 INFO  email:176 - not processed email
2022-08-03 15:31:46 INFO  email:88 - :ke-26[Thu Jul 21 09:34:10 WIB 2022-ttupang@dti.co.id-Laporan Harian PT. Bank Central Asia, Tbk.]
2022-08-03 15:31:46 INFO  email:176 - not processed email
2022-08-03 15:31:46 INFO  email:88 - :ke-27[Thu Jul 21 09:30:07 WIB 2022-ttupang@dti.co.id-Laporan Harian PT. Bank Central Asia, Tbk.]
2022-08-03 15:31:46 INFO  email:176 - not processed email
2022-08-03 15:31:46 INFO  email:88 - :ke-28[Thu Jul 21 09:29:45 WIB 2022-ttupang@dti.co.id-Penugasan Pengajuan Arsip PT. Bank Central Asia, Tbk.?]
2022-08-03 15:31:46 INFO  email:176 - not processed email
2022-08-03 15:31:46 INFO  email:88 - :ke-29[Thu Jul 21 09:28:56 WIB 2022-ttupang@dti.co.id-Konfirmasi Pengajuan Arsip PT. Bank Central Asia Tbk.?]
2022-08-03 15:31:46 INFO  email:176 - not processed email
2022-08-03 15:31:46 INFO  email:88 - :ke-30[Thu Jul 21 09:26:36 WIB 2022-ttupang@dti.co.id-Laporan Harian PT. Bank Central Asia, Tbk.]
2022-08-03 15:31:46 INFO  email:176 - not processed email
2022-08-03 15:31:46 INFO  email:88 - :ke-31[Thu Jul 21 09:26:14 WIB 2022-ttupang@dti.co.id-Penugasan Pengajuan Arsip PT. Bank Central Asia, Tbk.?]
2022-08-03 15:31:46 INFO  email:176 - not processed email
2022-08-03 15:31:46 INFO  email:88 - :ke-32[Thu Jul 21 09:25:46 WIB 2022-ttupang@dti.co.id-Konfirmasi Pengajuan Arsip PT. Bank Central Asia Tbk.?]
2022-08-03 15:31:46 INFO  email:176 - not processed email
2022-08-03 15:31:46 INFO  email:88 - :ke-33[Wed Jul 20 15:05:58 WIB 2022-ttupang@dti.co.id-Penugasan Pengajuan Arsip PT. Bank Central Asia, Tbk.?]
2022-08-03 15:31:46 INFO  email:176 - not processed email
2022-08-03 15:31:47 INFO  email:88 - :ke-34[Wed Jul 20 15:05:17 WIB 2022-ttupang@dti.co.id-Konfirmasi Pengajuan Arsip PT. Bank Central Asia Tbk.?]
2022-08-03 15:31:47 INFO  email:176 - not processed email
2022-08-03 15:31:47 INFO  email:88 - :ke-35[Wed Jul 20 15:00:21 WIB 2022-ttupang@dti.co.id-Laporan Harian PT. Bank Central Asia, Tbk.]
2022-08-03 15:31:47 INFO  email:176 - not processed email
2022-08-03 15:31:47 INFO  email:88 - :ke-36[Wed Jul 20 14:58:33 WIB 2022-ttupang@dti.co.id-Laporan Harian PT. Bank Central Asia, Tbk.]
2022-08-03 15:31:47 INFO  email:176 - not processed email
2022-08-03 15:31:47 INFO  email:88 - :ke-37[Wed Jul 20 14:57:11 WIB 2022-ttupang@dti.co.id-Penugasan Pengajuan Arsip PT. Bank Central Asia, Tbk.?]
2022-08-03 15:31:47 INFO  email:176 - not processed email
2022-08-03 15:31:47 INFO  email:88 - :ke-38[Wed Jul 20 14:56:42 WIB 2022-ttupang@dti.co.id-Konfirmasi Pengajuan Arsip PT. Bank Central Asia Tbk.?]
2022-08-03 15:31:47 INFO  email:176 - not processed email
2022-08-03 15:31:47 INFO  email:88 - :ke-39[Tue Jul 19 15:09:45 WIB 2022-ttupang@dti.co.id-Laporan Harian PT. Bank Central Asia, Tbk.]
2022-08-03 15:31:47 INFO  email:176 - not processed email
2022-08-03 15:31:47 INFO  email:88 - :ke-40[Tue Jul 19 14:55:51 WIB 2022-ttupang@dti.co.id-Laporan Harian PT. Bank Central Asia, Tbk.]
2022-08-03 15:31:47 INFO  email:176 - not processed email
2022-08-03 15:31:47 INFO  email:88 - :ke-41[Tue Jul 19 14:38:42 WIB 2022-ttupang@dti.co.id-Laporan Harian PT. Bank Central Asia, Tbk.]
2022-08-03 15:31:47 INFO  email:176 - not processed email
2022-08-03 15:31:47 INFO  email:88 - :ke-42[Tue Jul 19 14:37:32 WIB 2022-ttupang@dti.co.id-Laporan Harian PT. Bank Central Asia, Tbk.]
2022-08-03 15:31:47 INFO  email:176 - not processed email
2022-08-03 15:31:47 INFO  email:88 - :ke-43[Tue Jul 19 14:28:33 WIB 2022-ttupang@dti.co.id-Laporan Harian PT. Bank Central Asia, Tbk.]
2022-08-03 15:31:47 INFO  email:176 - not processed email
2022-08-03 15:31:47 INFO  email:88 - :ke-44[Tue Jul 19 14:08:46 WIB 2022-ttupang@dti.co.id-Konfirmasi Pengajuan Arsip PT. Bank Central Asia Tbk.?]
2022-08-03 15:31:47 INFO  email:176 - not processed email
2022-08-03 15:31:47 INFO  email:88 - :ke-45[Tue Jul 19 14:07:18 WIB 2022-ttupang@dti.co.id-Penugasan Pengajuan Arsip PT. Bank Central Asia, Tbk.?]
2022-08-03 15:31:47 INFO  email:176 - not processed email
2022-08-03 15:31:47 INFO  email:88 - :ke-46[Tue Jul 19 14:06:14 WIB 2022-ttupang@dti.co.id-Penugasan Pengajuan Arsip PT. Bank Central Asia, Tbk.?]
2022-08-03 15:31:47 INFO  email:176 - not processed email
2022-08-03 15:31:47 INFO  email:88 - :ke-47[Tue Jul 19 13:33:05 WIB 2022-ttupang@dti.co.id-Laporan Harian PT. Bank Central Asia, Tbk.]
2022-08-03 15:31:47 INFO  email:176 - not processed email
2022-08-03 15:31:47 INFO  email:88 - :ke-48[Tue Jul 19 13:28:12 WIB 2022-ttupang@dti.co.id-Penugasan Pengajuan Arsip PT. Bank Central Asia, Tbk.?]
2022-08-03 15:31:47 INFO  email:176 - not processed email
2022-08-03 15:31:47 INFO  email:88 - :ke-49[Tue Jul 19 13:27:38 WIB 2022-ttupang@dti.co.id-Konfirmasi Pengajuan Arsip PT. Bank Central Asia Tbk.?]
2022-08-03 15:31:47 INFO  email:176 - not processed email
2022-08-03 15:31:47 INFO  email:88 - :ke-50[Tue Jul 19 13:19:37 WIB 2022-ttupang@dti.co.id-Penugasan Pengajuan Arsip PT. Bank Central Asia, Tbk.?]
2022-08-03 15:31:47 INFO  email:176 - not processed email
2022-08-03 15:31:48 INFO  email:88 - :ke-51[Tue Jul 19 13:19:10 WIB 2022-ttupang@dti.co.id-Konfirmasi Pengajuan Arsip PT. Bank Central Asia Tbk.?]
2022-08-03 15:31:48 INFO  email:176 - not processed email
2022-08-03 15:31:48 INFO  email:88 - :ke-52[Tue Jul 19 13:16:41 WIB 2022-ttupang@dti.co.id-Penugasan Pengajuan Arsip PT. Bank Central Asia, Tbk.?]
2022-08-03 15:31:48 INFO  email:176 - not processed email
2022-08-03 15:31:48 INFO  email:88 - :ke-53[Tue Jul 19 13:15:52 WIB 2022-ttupang@dti.co.id-Konfirmasi Pengajuan Arsip PT. Bank Central Asia Tbk.]
2022-08-03 15:31:48 INFO  email:176 - not processed email
2022-08-03 15:31:48 INFO  email:88 - :ke-54[Tue Jul 19 11:41:55 WIB 2022-ttupang@dti.co.id-Penugasan Pengajuan Arsip PT. Bank Central Asia, Tbk.?]
2022-08-03 15:31:48 INFO  email:176 - not processed email
2022-08-03 15:31:48 INFO  email:88 - :ke-55[Tue Jul 19 11:40:02 WIB 2022-ttupang@dti.co.id-Konfirmasi Pengajuan Arsip PT. Bank Central Asia Tbk.?]
2022-08-03 15:31:48 INFO  email:176 - not processed email
2022-08-03 15:31:48 INFO  email:88 - :ke-56[Tue Jul 19 10:53:40 WIB 2022-ttupang@dti.co.id-Penugasan Pengajuan Arsip PT. Bank Central Asia, Tbk.?]
2022-08-03 15:31:48 INFO  email:176 - not processed email
2022-08-03 15:31:48 INFO  email:88 - :ke-57[Tue Jul 19 09:54:44 WIB 2022-ttupang@dti.co.id-Laporan Harian PT. Bank Central Asia, Tbk.]
2022-08-03 15:31:48 INFO  email:176 - not processed email
2022-08-03 15:31:48 INFO  email:88 - :ke-58[Tue Jul 19 09:52:11 WIB 2022-ttupang@dti.co.id-Penugasan Pengajuan Arsip PT. Bank Central Asia, Tb]
2022-08-03 15:31:48 INFO  email:176 - not processed email
2022-08-03 15:31:48 INFO  email:88 - :ke-59[Tue Jul 19 09:49:50 WIB 2022-ttupang@dti.co.id-Penugasan Pengajuan Arsip PT. Bank Central Asia, Tbk.?]
2022-08-03 15:31:48 INFO  email:176 - not processed email
2022-08-03 15:31:48 INFO  email:88 - :ke-60[Tue Jul 19 09:40:28 WIB 2022-ttupang@dti.co.id-Yth. Tim Pengelolaan Arsip BCA,    Berikut terlampir daftar petugas yang akan melakukan tindak lanjut pengajuan arsip.  Demikian disampaikan, terima kasih atas perhatian dan kerja samanya.    Regards,  Tim PT MMI Pasuruan]
2022-08-03 15:31:48 INFO  email:176 - not processed email
2022-08-03 15:31:48 INFO  email:88 - :ke-61[Tue Jul 19 09:39:13 WIB 2022-ttupang@dti.co.id-Konfirmasi Pengajuan Arsip PT. Bank Central Asia Tbk.?]
2022-08-03 15:31:48 INFO  email:176 - not processed email
2022-08-03 15:31:48 INFO  email:88 - :ke-62[Mon Jul 18 17:32:51 WIB 2022-ttupang@dti.co.id-Penugasan Pengajuan Arsip PT. Bank Central Asia, Tbk.?]
2022-08-03 15:31:48 INFO  email:176 - not processed email
2022-08-03 15:31:48 INFO  email:88 - :ke-63[Mon Jul 18 17:31:08 WIB 2022-ttupang@dti.co.id-Laporan Harian PT. Bank Central Asia, Tbk.]
2022-08-03 15:31:48 INFO  email:176 - not processed email
2022-08-03 15:31:48 INFO  email:88 - :ke-64[Mon Jul 18 17:22:31 WIB 2022-ttupang@dti.co.id-Laporan Harian PT. Bank Central Asia, Tbk.]
2022-08-03 15:31:48 INFO  email:176 - not processed email
2022-08-03 15:31:48 INFO  email:88 - :ke-65[Mon Jul 18 17:14:08 WIB 2022-ttupang@dti.co.id-Konfirmasi Pengajuan Arsip PT. Bank Central Asia Tbk.?]
2022-08-03 15:31:48 INFO  email:176 - not processed email
2022-08-03 15:31:48 INFO  email:88 - :ke-66[Fri Jul 15 11:06:51 WIB 2022-ttupang@dti.co.id-Laporan Harian PT. Bank Central Asia, Tbk.]
2022-08-03 15:31:48 INFO  email:176 - not processed email
2022-08-03 15:31:48 INFO  email:88 - :ke-67[Fri Jul 15 10:49:32 WIB 2022-ttupang@dti.co.id-Penugasan Pengajuan Arsip PT. Bank Central Asia, Tbk.? ]
2022-08-03 15:31:48 INFO  email:176 - not processed email
2022-08-03 15:31:49 INFO  email:88 - :ke-68[Fri Jul 15 10:26:23 WIB 2022-ttupang@dti.co.id-Konfirmasi Pengajuan Arsip PT. Bank Central Asia Tbk.?]
2022-08-03 15:31:49 INFO  email:176 - not processed email
